	Command being timed: "python3.8 /data/sml6467/github/CMash_master/CMash/GroundTruth.py /data/sml6467/projects/202002_CMash_test/results/rep2_CI_change_against_gradient_ref/simulation/input_files/high_CI_from_n3k/bbmap_output/BBMap_simulated_meta_10M.fq ./ref_db_10-60-5/TrainingDB_k60.h5 ground_truth_CI_k60_BBMap_simulated_meta_10M.fq_results.csv 60-60-1 -c 0 -l 0"
	User time (seconds): 932.08
	System time (seconds): 570.71
	Percent of CPU this job got: 3084%
	Elapsed (wall clock) time (h:mm:ss or m:ss): 0:48.71
	Average shared text size (kbytes): 0
	Average unshared data size (kbytes): 0
	Average stack size (kbytes): 0
	Average total size (kbytes): 0
	Maximum resident set size (kbytes): 8891572
	Average resident set size (kbytes): 0
	Major (requiring I/O) page faults: 0
	Minor (reclaiming a frame) page faults: 32338528
	Voluntary context switches: 890979
	Involuntary context switches: 71808
	Swaps: 0
	File system inputs: 0
	File system outputs: 31946080
	Socket messages sent: 0
	Socket messages received: 0
	Signals delivered: 0
	Page size (bytes): 4096
	Exit status: 0
