	Command being timed: "python3.8 /data/sml6467/github/CMash_master/CMash/GroundTruth.py /data/sml6467/projects/202002_CMash_test/results/rep2_CI_change_against_gradient_ref/simulation/input_files/high_CI_from_n3k/bbmap_output/BBMap_simulated_meta_10M.fq ./ref_db_10-60-5/TrainingDB_k30.h5 ground_truth_CI_k30_BBMap_simulated_meta_10M.fq_results.csv 30-30-1 -c 0 -l 0"
	User time (seconds): 808.54
	System time (seconds): 366.20
	Percent of CPU this job got: 2401%
	Elapsed (wall clock) time (h:mm:ss or m:ss): 0:48.91
	Average shared text size (kbytes): 0
	Average unshared data size (kbytes): 0
	Average stack size (kbytes): 0
	Average total size (kbytes): 0
	Maximum resident set size (kbytes): 9557096
	Average resident set size (kbytes): 0
	Major (requiring I/O) page faults: 0
	Minor (reclaiming a frame) page faults: 20657236
	Voluntary context switches: 764739
	Involuntary context switches: 54896
	Swaps: 0
	File system inputs: 0
	File system outputs: 16320896
	Socket messages sent: 0
	Socket messages received: 0
	Signals delivered: 0
	Page size (bytes): 4096
	Exit status: 0
