	Command being timed: "python3.8 /data/sml6467/github/CMash_master/CMash/GroundTruth.py /data/sml6467/projects/202002_CMash_test/results/rep2_CI_change_against_gradient_ref/simulation/input_files/high_CI_from_n3k/bbmap_output/BBMap_simulated_meta_10M.fq ./ref_db_10-60-5/TrainingDB_k25.h5 ground_truth_CI_k25_BBMap_simulated_meta_10M.fq_results.csv 25-25-1 -c 0 -l 0"
	User time (seconds): 781.52
	System time (seconds): 254.44
	Percent of CPU this job got: 2272%
	Elapsed (wall clock) time (h:mm:ss or m:ss): 0:45.58
	Average shared text size (kbytes): 0
	Average unshared data size (kbytes): 0
	Average stack size (kbytes): 0
	Average total size (kbytes): 0
	Maximum resident set size (kbytes): 8061376
	Average resident set size (kbytes): 0
	Major (requiring I/O) page faults: 0
	Minor (reclaiming a frame) page faults: 17654249
	Voluntary context switches: 726665
	Involuntary context switches: 44417
	Swaps: 0
	File system inputs: 0
	File system outputs: 13427000
	Socket messages sent: 0
	Socket messages received: 0
	Signals delivered: 0
	Page size (bytes): 4096
	Exit status: 0
