	Command being timed: "python3.8 /data/sml6467/github/CMash_master/scripts/StreamingQueryDNADatabase.py /data/sml6467/projects/202002_CMash_test/results/rep2_CI_change_against_gradient_ref/simulation/input_files/high_CI_from_n3k/bbmap_output/BBMap_simulated_meta_10M.fq ./ref_db_10-60-5/TrainingDB_k55.h5 estimated_CI_k55_BBMap_simulated_meta_10M.fq_results.csv 55-55-1 -v -c 0 -l 0 -t 48 --sensitive"
	User time (seconds): 702.65
	System time (seconds): 9.46
	Percent of CPU this job got: 1225%
	Elapsed (wall clock) time (h:mm:ss or m:ss): 0:58.12
	Average shared text size (kbytes): 0
	Average unshared data size (kbytes): 0
	Average stack size (kbytes): 0
	Average total size (kbytes): 0
	Maximum resident set size (kbytes): 2715908
	Average resident set size (kbytes): 0
	Major (requiring I/O) page faults: 1
	Minor (reclaiming a frame) page faults: 4398859
	Voluntary context switches: 50654
	Involuntary context switches: 1696
	Swaps: 0
	File system inputs: 0
	File system outputs: 1440
	Socket messages sent: 0
	Socket messages received: 0
	Signals delivered: 0
	Page size (bytes): 4096
	Exit status: 0
