	Command being timed: "python3.8 /data/sml6467/github/CMash_master/scripts/StreamingQueryDNADatabase.py /data/sml6467/projects/202002_CMash_test/results/rep2_CI_change_against_gradient_ref/simulation/input_files/high_CI_from_n3k/bbmap_output/BBMap_simulated_meta_10M.fq ./ref_db_10-60-5/TrainingDB_k50.h5 estimated_CI_k50_BBMap_simulated_meta_10M.fq_results.csv 50-50-1 -v -c 0 -l 0 -t 48 --sensitive"
	User time (seconds): 722.66
	System time (seconds): 9.24
	Percent of CPU this job got: 1285%
	Elapsed (wall clock) time (h:mm:ss or m:ss): 0:56.92
	Average shared text size (kbytes): 0
	Average unshared data size (kbytes): 0
	Average stack size (kbytes): 0
	Average total size (kbytes): 0
	Maximum resident set size (kbytes): 2720268
	Average resident set size (kbytes): 0
	Major (requiring I/O) page faults: 1
	Minor (reclaiming a frame) page faults: 4796792
	Voluntary context switches: 51242
	Involuntary context switches: 2299
	Swaps: 0
	File system inputs: 0
	File system outputs: 1432
	Socket messages sent: 0
	Socket messages received: 0
	Signals delivered: 0
	Page size (bytes): 4096
	Exit status: 0
